Looking for git in: git
Using git 2.17.1 from git
> git rev-parse --show-toplevel
fatal: no es un repositorio git ( o ningún padre en el punto de montado /media/msi-lap)
Parando en el límite del sistema de archivos (GIT_DISCOVERY_ACROSS_FILESYSTEM no establecido).
> git rev-parse --show-toplevel
fatal: no es un repositorio git ( o ningún padre en el punto de montado /media/msi-lap)
Parando en el límite del sistema de archivos (GIT_DISCOVERY_ACROSS_FILESYSTEM no establecido).
> git rev-parse --show-toplevel
> git rev-parse --show-toplevel
> git rev-parse --show-toplevel
fatal: no es un repositorio git ( o ningún padre en el punto de montado /media/msi-lap)
Parando en el límite del sistema de archivos (GIT_DISCOVERY_ACROSS_FILESYSTEM no establecido).
> git rev-parse --show-toplevel
fatal: no es un repositorio git ( o ningún padre en el punto de montado /media/msi-lap)
Parando en el límite del sistema de archivos (GIT_DISCOVERY_ACROSS_FILESYSTEM no establecido).
> git rev-parse --show-toplevel
> git rev-parse --show-toplevel
> git rev-parse --show-toplevel
fatal: no es un repositorio git ( o ningún padre en el punto de montado /media/msi-lap)
Parando en el límite del sistema de archivos (GIT_DISCOVERY_ACROSS_FILESYSTEM no establecido).
> git rev-parse --show-toplevel
fatal: no es un repositorio git ( o ningún padre en el punto de montado /media/msi-lap)
Parando en el límite del sistema de archivos (GIT_DISCOVERY_ACROSS_FILESYSTEM no establecido).
> git rev-parse --show-toplevel
fatal: no es un repositorio git ( o ningún padre en el punto de montado /media/msi-lap)
Parando en el límite del sistema de archivos (GIT_DISCOVERY_ACROSS_FILESYSTEM no establecido).
> git rev-parse --show-toplevel
fatal: no es un repositorio git ( o ningún padre en el punto de montado /media/msi-lap)
Parando en el límite del sistema de archivos (GIT_DISCOVERY_ACROSS_FILESYSTEM no establecido).
> git rev-parse --show-toplevel
fatal: no es un repositorio git ( o ningún padre en el punto de montado /media/msi-lap)
Parando en el límite del sistema de archivos (GIT_DISCOVERY_ACROSS_FILESYSTEM no establecido).
> git rev-parse --show-toplevel
fatal: no es un repositorio git ( o ningún padre en el punto de montado /media/msi-lap)
Parando en el límite del sistema de archivos (GIT_DISCOVERY_ACROSS_FILESYSTEM no establecido).
> git rev-parse --show-toplevel
fatal: no es un repositorio git ( o ningún padre en el punto de montado /media/msi-lap)
Parando en el límite del sistema de archivos (GIT_DISCOVERY_ACROSS_FILESYSTEM no establecido).
