Looking for git in: git
Using git 2.17.1 from git
> git rev-parse --show-toplevel
fatal: no es un repositorio git ( o ningún padre en el punto de montado /media/msi-lap)
Parando en el límite del sistema de archivos (GIT_DISCOVERY_ACROSS_FILESYSTEM no establecido).
> git rev-parse --show-toplevel
> git rev-parse --show-toplevel
> git rev-parse --show-toplevel
fatal: no es un repositorio git ( o ningún padre en el punto de montado /media/msi-lap)
Parando en el límite del sistema de archivos (GIT_DISCOVERY_ACROSS_FILESYSTEM no establecido).
> git rev-parse --show-toplevel
fatal: no es un repositorio git ( o ningún padre en el punto de montado /media/msi-lap)
Parando en el límite del sistema de archivos (GIT_DISCOVERY_ACROSS_FILESYSTEM no establecido).
> git rev-parse --show-toplevel
> git rev-parse --show-toplevel
> git rev-parse --show-toplevel
fatal: no es un repositorio git ( o ningún padre en el punto de montado /media/msi-lap)
Parando en el límite del sistema de archivos (GIT_DISCOVERY_ACROSS_FILESYSTEM no establecido).
> git rev-parse --show-toplevel
fatal: no es un repositorio git ( o ningún padre en el punto de montado /media/msi-lap)
Parando en el límite del sistema de archivos (GIT_DISCOVERY_ACROSS_FILESYSTEM no establecido).
> git rev-parse --show-toplevel
fatal: no es un repositorio git ( o ningún padre en el punto de montado /media/msi-lap)
Parando en el límite del sistema de archivos (GIT_DISCOVERY_ACROSS_FILESYSTEM no establecido).
> git rev-parse --show-toplevel
fatal: no es un repositorio git ( o ningún padre en el punto de montado /media/msi-lap)
Parando en el límite del sistema de archivos (GIT_DISCOVERY_ACROSS_FILESYSTEM no establecido).
> git rev-parse --show-toplevel
fatal: no es un repositorio git ( o ningún padre en el punto de montado /media/msi-lap)
Parando en el límite del sistema de archivos (GIT_DISCOVERY_ACROSS_FILESYSTEM no establecido).
> git rev-parse --show-toplevel
> git rev-parse --git-dir
Open repository: /media/msi-lap/382437ea-2f35-4576-85b8-d35145839b4a/Descargas/sylard
> git config --global user.email
> git status -z -u
> git config --global user.name
> git check-ignore -v -z --stdin
> git show :app.js
> git ls-files --stage -- /media/msi-lap/382437ea-2f35-4576-85b8-d35145839b4a/Descargas/sylard/app.js
> git check-ignore -v -z --stdin
> git symbolic-ref --short HEAD
> git rev-parse master
fatal: argumento ambiguo 'master': revisión desconocida o ruta fuera del árbol de trabajo.
Use '--' para separar las rutas de las revisiones, de esta manera:
'git <comando> [<revisión>...] -- [<archivo>...]'
> git for-each-ref --format %(refname) %(objectname) --sort -committerdate
> git remote --verbose
> git config --get commit.template
> git status -z -u
> git check-ignore -v -z --stdin
> git check-ignore -v -z --stdin
> git show :app.js
> git ls-files --stage -- /media/msi-lap/382437ea-2f35-4576-85b8-d35145839b4a/Descargas/sylard/app.js
> git check-ignore -v -z --stdin
> git symbolic-ref --short HEAD
> git rev-parse master
fatal: argumento ambiguo 'master': revisión desconocida o ruta fuera del árbol de trabajo.
Use '--' para separar las rutas de las revisiones, de esta manera:
'git <comando> [<revisión>...] -- [<archivo>...]'
> git for-each-ref --format %(refname) %(objectname) --sort -committerdate
> git remote --verbose
> git config --get commit.template
> git status -z -u
> git symbolic-ref --short HEAD
> git rev-parse master
fatal: argumento ambiguo 'master': revisión desconocida o ruta fuera del árbol de trabajo.
Use '--' para separar las rutas de las revisiones, de esta manera:
'git <comando> [<revisión>...] -- [<archivo>...]'
> git for-each-ref --format %(refname) %(objectname) --sort -committerdate
> git remote --verbose
> git config --get commit.template
> git status -z -u
> git symbolic-ref --short HEAD
> git rev-parse master
fatal: argumento ambiguo 'master': revisión desconocida o ruta fuera del árbol de trabajo.
Use '--' para separar las rutas de las revisiones, de esta manera:
'git <comando> [<revisión>...] -- [<archivo>...]'
> git for-each-ref --format %(refname) %(objectname) --sort -committerdate
> git remote --verbose
> git config --get commit.template
> git show :.gitignore
> git ls-files --stage -- /media/msi-lap/382437ea-2f35-4576-85b8-d35145839b4a/Descargas/sylard/.gitignore
> git check-ignore -v -z --stdin
> git show :app.js
> git ls-files --stage -- /media/msi-lap/382437ea-2f35-4576-85b8-d35145839b4a/Descargas/sylard/app.js
> git status -z -u
> git symbolic-ref --short HEAD
> git rev-parse master
fatal: argumento ambiguo 'master': revisión desconocida o ruta fuera del árbol de trabajo.
Use '--' para separar las rutas de las revisiones, de esta manera:
'git <comando> [<revisión>...] -- [<archivo>...]'
> git for-each-ref --format %(refname) %(objectname) --sort -committerdate
> git remote --verbose
> git config --get commit.template
> git ls-files --stage -- /media/msi-lap/382437ea-2f35-4576-85b8-d35145839b4a/Descargas/sylard/app.js
> git cat-file -s 9cf870451beb641f11db3adddf81419c35063c56
> git show :app.js
> git status -z -u
> git symbolic-ref --short HEAD
> git rev-parse master
fatal: argumento ambiguo 'master': revisión desconocida o ruta fuera del árbol de trabajo.
Use '--' para separar las rutas de las revisiones, de esta manera:
'git <comando> [<revisión>...] -- [<archivo>...]'
> git for-each-ref --format %(refname) %(objectname) --sort -committerdate
> git remote --verbose
> git config --get commit.template
> git status -z -u
> git symbolic-ref --short HEAD
> git rev-parse master
> git rev-parse --symbolic-full-name master@{u}
fatal: no se ha configurado upstream para la rama 'master'
> git for-each-ref --format %(refname) %(objectname) --sort -committerdate
> git remote --verbose
> git config --get commit.template
> git ls-files --stage -- /media/msi-lap/382437ea-2f35-4576-85b8-d35145839b4a/Descargas/sylard/app.js
> git cat-file -s 9cf870451beb641f11db3adddf81419c35063c56
> git show :app.js
> git status -z -u
> git symbolic-ref --short HEAD
> git rev-parse master
> git rev-parse --symbolic-full-name master@{u}
fatal: no se ha configurado upstream para la rama 'master'
> git for-each-ref --format %(refname) %(objectname) --sort -committerdate
> git remote --verbose
> git config --get commit.template
