[2020-06-16 11:28:05.403] [renderer1] [error] Cannot read property 'getCell' of undefined: TypeError: Cannot read property 'getCell' of undefined
    at Object.t.convertLinkRangeToBuffer (file:///usr/share/code/resources/app/out/vs/workbench/workbench.desktop.main.js:3371:362)
    at e._provideLinks (file:///usr/share/code/resources/app/out/vs/workbench/workbench.desktop.main.js:4290:723)
    at e.provideLinks (file:///usr/share/code/resources/app/out/vs/workbench/workbench.desktop.main.js:3370:508)
    at /usr/share/code/resources/app/node_modules.asar/xterm/lib/xterm.js:1:242351
    at Array.forEach (<anonymous>)
    at t._askForLink (/usr/share/code/resources/app/node_modules.asar/xterm/lib/xterm.js:1:242213)
    at t._onHover (/usr/share/code/resources/app/node_modules.asar/xterm/lib/xterm.js:1:241908)
    at t._onMouseMove (/usr/share/code/resources/app/node_modules.asar/xterm/lib/xterm.js:1:241768)
[2020-06-16 11:28:23.988] [renderer1] [error] Cannot read property 'getCell' of undefined: TypeError: Cannot read property 'getCell' of undefined
    at Object.t.convertLinkRangeToBuffer (file:///usr/share/code/resources/app/out/vs/workbench/workbench.desktop.main.js:3371:362)
    at e._provideLinks (file:///usr/share/code/resources/app/out/vs/workbench/workbench.desktop.main.js:4290:723)
    at e.provideLinks (file:///usr/share/code/resources/app/out/vs/workbench/workbench.desktop.main.js:3370:508)
    at /usr/share/code/resources/app/node_modules.asar/xterm/lib/xterm.js:1:242351
    at Array.forEach (<anonymous>)
    at t._askForLink (/usr/share/code/resources/app/node_modules.asar/xterm/lib/xterm.js:1:242213)
    at t._onHover (/usr/share/code/resources/app/node_modules.asar/xterm/lib/xterm.js:1:241908)
    at t._onMouseMove (/usr/share/code/resources/app/node_modules.asar/xterm/lib/xterm.js:1:241768)
[2020-06-16 11:28:35.310] [renderer1] [error] Cannot read property 'getCell' of undefined: TypeError: Cannot read property 'getCell' of undefined
    at Object.t.convertLinkRangeToBuffer (file:///usr/share/code/resources/app/out/vs/workbench/workbench.desktop.main.js:3371:362)
    at e._provideLinks (file:///usr/share/code/resources/app/out/vs/workbench/workbench.desktop.main.js:4290:723)
    at e.provideLinks (file:///usr/share/code/resources/app/out/vs/workbench/workbench.desktop.main.js:3370:508)
    at /usr/share/code/resources/app/node_modules.asar/xterm/lib/xterm.js:1:242351
    at Array.forEach (<anonymous>)
    at t._askForLink (/usr/share/code/resources/app/node_modules.asar/xterm/lib/xterm.js:1:242213)
    at t._onHover (/usr/share/code/resources/app/node_modules.asar/xterm/lib/xterm.js:1:241908)
    at t._onMouseMove (/usr/share/code/resources/app/node_modules.asar/xterm/lib/xterm.js:1:241768)
[2020-06-16 11:29:26.283] [renderer1] [error] Cannot read property 'getCell' of undefined: TypeError: Cannot read property 'getCell' of undefined
    at Object.t.convertLinkRangeToBuffer (file:///usr/share/code/resources/app/out/vs/workbench/workbench.desktop.main.js:3371:362)
    at e._provideLinks (file:///usr/share/code/resources/app/out/vs/workbench/workbench.desktop.main.js:4290:723)
    at e.provideLinks (file:///usr/share/code/resources/app/out/vs/workbench/workbench.desktop.main.js:3370:508)
    at /usr/share/code/resources/app/node_modules.asar/xterm/lib/xterm.js:1:242351
    at Array.forEach (<anonymous>)
    at t._askForLink (/usr/share/code/resources/app/node_modules.asar/xterm/lib/xterm.js:1:242213)
    at t._onHover (/usr/share/code/resources/app/node_modules.asar/xterm/lib/xterm.js:1:241908)
    at t._onMouseMove (/usr/share/code/resources/app/node_modules.asar/xterm/lib/xterm.js:1:241768)
[2020-06-16 12:07:03.904] [renderer1] [error] <syntax> TypeScript Server Error (3.9.4)
Debug Failure. False expression: Expected line to be non-zero
Error: Debug Failure. False expression: Expected line to be non-zero
    at failIfInvalidLocation (/usr/share/code/resources/app/extensions/node_modules/typescript/lib/tsserver.js:142416:22)
    at ScriptInfo.positionToLineOffset (/usr/share/code/resources/app/extensions/node_modules/typescript/lib/tsserver.js:142389:17)
    at toProtocolTextSpan (/usr/share/code/resources/app/extensions/node_modules/typescript/lib/tsserver.js:149600:35)
    at /usr/share/code/resources/app/extensions/node_modules/typescript/lib/tsserver.js:149130:68
    at Array.map (<anonymous>)
    at IOSession.Session.toLocationNavigationTree (/usr/share/code/resources/app/extensions/node_modules/typescript/lib/tsserver.js:149130:39)
    at IOSession.Session.getNavigationTree (/usr/share/code/resources/app/extensions/node_modules/typescript/lib/tsserver.js:149141:32)
    at Session.handlers.ts.createMapFromTemplate._a.<computed> (/usr/share/code/resources/app/extensions/node_modules/typescript/lib/tsserver.js:147984:61)
    at /usr/share/code/resources/app/extensions/node_modules/typescript/lib/tsserver.js:149526:88
    at IOSession.Session.executeWithRequestId (/usr/share/code/resources/app/extensions/node_modules/typescript/lib/tsserver.js:149517:28)
    at IOSession.Session.executeCommand (/usr/share/code/resources/app/extensions/node_modules/typescript/lib/tsserver.js:149526:33)
    at IOSession.Session.onMessage (/usr/share/code/resources/app/extensions/node_modules/typescript/lib/tsserver.js:149550:35)
    at Interface.<anonymous> (/usr/share/code/resources/app/extensions/node_modules/typescript/lib/tsserver.js:150866:27)
    at Interface.emit (events.js:203:13)
    at Interface._onLine (readline.js:316:10)
    at Interface._normalWrite (readline.js:461:12)
    at Socket.ondata (readline.js:172:10)
    at Socket.emit (events.js:203:13)
    at addChunk (_stream_readable.js:295:12)
    at readableAddChunk (_stream_readable.js:276:11)
    at Socket.Readable.push (_stream_readable.js:210:10)
    at Pipe.onStreamRead (internal/stream_base_commons.js:166:17): Error: <syntax> TypeScript Server Error (3.9.4)
Debug Failure. False expression: Expected line to be non-zero
Error: Debug Failure. False expression: Expected line to be non-zero
    at failIfInvalidLocation (/usr/share/code/resources/app/extensions/node_modules/typescript/lib/tsserver.js:142416:22)
    at ScriptInfo.positionToLineOffset (/usr/share/code/resources/app/extensions/node_modules/typescript/lib/tsserver.js:142389:17)
    at toProtocolTextSpan (/usr/share/code/resources/app/extensions/node_modules/typescript/lib/tsserver.js:149600:35)
    at /usr/share/code/resources/app/extensions/node_modules/typescript/lib/tsserver.js:149130:68
    at Array.map (<anonymous>)
    at IOSession.Session.toLocationNavigationTree (/usr/share/code/resources/app/extensions/node_modules/typescript/lib/tsserver.js:149130:39)
    at IOSession.Session.getNavigationTree (/usr/share/code/resources/app/extensions/node_modules/typescript/lib/tsserver.js:149141:32)
    at Session.handlers.ts.createMapFromTemplate._a.<computed> (/usr/share/code/resources/app/extensions/node_modules/typescript/lib/tsserver.js:147984:61)
    at /usr/share/code/resources/app/extensions/node_modules/typescript/lib/tsserver.js:149526:88
    at IOSession.Session.executeWithRequestId (/usr/share/code/resources/app/extensions/node_modules/typescript/lib/tsserver.js:149517:28)
    at IOSession.Session.executeCommand (/usr/share/code/resources/app/extensions/node_modules/typescript/lib/tsserver.js:149526:33)
    at IOSession.Session.onMessage (/usr/share/code/resources/app/extensions/node_modules/typescript/lib/tsserver.js:149550:35)
    at Interface.<anonymous> (/usr/share/code/resources/app/extensions/node_modules/typescript/lib/tsserver.js:150866:27)
    at Interface.emit (events.js:203:13)
    at Interface._onLine (readline.js:316:10)
    at Interface._normalWrite (readline.js:461:12)
    at Socket.ondata (readline.js:172:10)
    at Socket.emit (events.js:203:13)
    at addChunk (_stream_readable.js:295:12)
    at readableAddChunk (_stream_readable.js:276:11)
    at Socket.Readable.push (_stream_readable.js:210:10)
    at Pipe.onStreamRead (internal/stream_base_commons.js:166:17)
    at Function.create (/usr/share/code/resources/app/extensions/typescript-language-features/dist/extension.js:1:54638)
    at e.dispatchResponse (/usr/share/code/resources/app/extensions/typescript-language-features/dist/extension.js:1:226358)
    at e.dispatchMessage (/usr/share/code/resources/app/extensions/typescript-language-features/dist/extension.js:1:225276)
    at /usr/share/code/resources/app/extensions/typescript-language-features/dist/extension.js:1:224752
    at e.fire (/usr/share/code/resources/app/out/vs/workbench/services/extensions/node/extensionHostProcess.js:46:222)
    at t.Reader.onLengthData (/usr/share/code/resources/app/extensions/typescript-language-features/dist/extension.js:1:233414)
    at Socket.<anonymous> (/usr/share/code/resources/app/extensions/typescript-language-features/dist/extension.js:1:233062)
    at Socket.emit (events.js:203:13)
    at addChunk (_stream_readable.js:295:12)
    at readableAddChunk (_stream_readable.js:276:11)
    at Socket.Readable.push (_stream_readable.js:210:10)
    at Pipe.onStreamRead (internal/stream_base_commons.js:166:17)
